<?xml version="1.0" encoding="UTF-8"?>
<!-- Generated by org.testng.reporters.JUnitXMLReporter -->
<testsuite hostname="reenas-MacBook-Pro.local" ignored="2" name="Default test" tests="2" failures="0" timestamp="07 Jun 2017 21:07:37 GMT" time="0.096" errors="0">
  <testcase name="@BeforeTest launchapp" time="0.0" classname="com.test.automation.testBase.TestBase">
    <failure type="org.testng.TestNGException" message="
Parameter &amp;apos;browser&amp;apos; is required by BeforeTest on method launchapp but has not been marked @Optional or defined
in /private/var/folders/3s/6f7kgjss01x7td3vpnvp5y4w0000gn/T/testng-eclipse-1378016883/testng-customsuite.xml">
      <![CDATA[org.testng.TestNGException: 
Parameter 'browser' is required by BeforeTest on method launchapp but has not been marked @Optional or defined
in /private/var/folders/3s/6f7kgjss01x7td3vpnvp5y4w0000gn/T/testng-eclipse-1378016883/testng-customsuite.xml
	at org.testng.internal.Parameters.createParameters(Parameters.java:199)
	at org.testng.internal.Parameters.createParameters(Parameters.java:443)
	at org.testng.internal.Parameters.createConfigurationParameters(Parameters.java:118)
	at org.testng.internal.Invoker.invokeConfigurations(Invoker.java:203)
	at org.testng.internal.Invoker.invokeConfigurations(Invoker.java:144)
	at org.testng.TestRunner.beforeRun(TestRunner.java:634)
	at org.testng.TestRunner.run(TestRunner.java:602)
	at org.testng.SuiteRunner.runTest(SuiteRunner.java:387)
	at org.testng.SuiteRunner.runSequentially(SuiteRunner.java:382)
	at org.testng.SuiteRunner.privateRun(SuiteRunner.java:340)
	at org.testng.SuiteRunner.run(SuiteRunner.java:289)
	at org.testng.SuiteRunnerWorker.runSuite(SuiteRunnerWorker.java:52)
	at org.testng.SuiteRunnerWorker.run(SuiteRunnerWorker.java:86)
	at org.testng.TestNG.runSuitesSequentially(TestNG.java:1293)
	at org.testng.TestNG.runSuitesLocally(TestNG.java:1218)
	at org.testng.TestNG.runSuites(TestNG.java:1133)
	at org.testng.TestNG.run(TestNG.java:1104)
	at org.testng.remote.AbstractRemoteTestNG.run(AbstractRemoteTestNG.java:132)
	at org.testng.remote.RemoteTestNG.initAndRun(RemoteTestNG.java:230)
	at org.testng.remote.RemoteTestNG.main(RemoteTestNG.java:76)
]]>
    </failure>
  </testcase> <!-- @BeforeTest launchapp -->
  <testcase name="@BeforeClass setUp" time="0.0" classname="com.test.automation.settingsPage.VerifyPostCodePresent">
    <skipped/>
  </testcase> <!-- @BeforeClass setUp -->
  <testcase name="@BeforeMethod setUp" time="0.0" classname="com.test.automation.settingsPage.VerifyPostCodePresent">
    <skipped/>
  </testcase> <!-- @BeforeMethod setUp -->
  <testcase name="@AfterClass endTest" time="0.0" classname="com.test.automation.settingsPage.VerifyPostCodePresent">
    <skipped/>
  </testcase> <!-- @AfterClass endTest -->
  <testcase name="@BeforeClass setUp" time="0.0" classname="com.test.automation.homePage.VerifyLoginWithValidCredentials">
    <skipped/>
  </testcase> <!-- @BeforeClass setUp -->
  <testcase name="@BeforeMethod setUp" time="0.0" classname="com.test.automation.homePage.VerifyLoginWithValidCredentials">
    <skipped/>
  </testcase> <!-- @BeforeMethod setUp -->
  <testcase name="@AfterClass endTest" time="0.0" classname="com.test.automation.homePage.VerifyLoginWithValidCredentials">
    <skipped/>
  </testcase> <!-- @AfterClass endTest -->
  <testcase name="verifyPostCodePresent_Test" time="0.008" classname="com.test.automation.settingsPage.VerifyPostCodePresent">
    <skipped/>
  </testcase> <!-- verifyPostCodePresent_Test -->
  <testcase name="verifyLoginWithValidCredentials" time="0.001" classname="com.test.automation.homePage.VerifyLoginWithValidCredentials">
    <skipped/>
  </testcase> <!-- verifyLoginWithValidCredentials -->
  <testcase name="@BeforeTest launchapp" time="0.0" classname="com.test.automation.testBase.TestBase">
    <ignored/>
  </testcase> <!-- @BeforeTest launchapp -->
  <testcase name="@BeforeTest launchapp" time="0.0" classname="com.test.automation.testBase.TestBase">
    <ignored/>
  </testcase> <!-- @BeforeTest launchapp -->
</testsuite> <!-- Default test -->
