<?xml version="1.0" encoding="UTF-8"?>
<testng-results skipped="0" failed="0" ignored="0" total="1" passed="1">
  <reporter-output>
  </reporter-output>
  <suite name="Default suite" duration-ms="9262" started-at="2017-06-05T23:57:15Z" finished-at="2017-06-05T23:57:24Z">
    <groups>
    </groups>
    <test name="Default test" duration-ms="9262" started-at="2017-06-05T23:57:15Z" finished-at="2017-06-05T23:57:24Z">
      <class name="com.test.automation.homePage.VerifyLoginWithValidCredentials">
        <test-method status="PASS" signature="setUp()[pri:0, instance:com.test.automation.homePage.VerifyLoginWithValidCredentials@1b604f19]" name="setUp" is-config="true" duration-ms="6023" started-at="2017-06-06T00:57:15Z" finished-at="2017-06-06T00:57:21Z">
          <reporter-output>
          </reporter-output>
        </test-method> <!-- setUp -->
        <test-method status="PASS" signature="verifyLoginWithValidCredentials()[pri:0, instance:com.test.automation.homePage.VerifyLoginWithValidCredentials@1b604f19]" name="verifyLoginWithValidCredentials" duration-ms="3068" started-at="2017-06-06T00:57:21Z" finished-at="2017-06-06T00:57:24Z">
          <reporter-output>
          </reporter-output>
        </test-method> <!-- verifyLoginWithValidCredentials -->
        <test-method status="PASS" signature="endTest()[pri:0, instance:com.test.automation.homePage.VerifyLoginWithValidCredentials@1b604f19]" name="endTest" is-config="true" duration-ms="144" started-at="2017-06-06T00:57:24Z" finished-at="2017-06-06T00:57:24Z">
          <reporter-output>
          </reporter-output>
        </test-method> <!-- endTest -->
      </class> <!-- com.test.automation.homePage.VerifyLoginWithValidCredentials -->
    </test> <!-- Default test -->
  </suite> <!-- Default suite -->
</testng-results>
